<?xml version="1.0" encoding="UTF-8"?>
<testsuite xmlns:xsi="http://www.w3.org/2001/XMLSchema-instance" xsi:noNamespaceSchemaLocation="https://maven.apache.org/surefire/maven-surefire-plugin/xsd/surefire-test-report.xsd" version="3.0.2" name="com.diro.ift2255.service.StatsCoursServiceTest" time="0.05" tests="2" errors="0" skipped="0" failures="0">
  <properties>
[...]
</properties>
  <testcase name="getStatsForCourse_shouldReturnNull_whenNoRow" classname="com.diro.ift2255.service.StatsCoursServiceTest" time="0.021">
    <system-out><![CDATA[[StatsCoursService] Recherche stats pour: IFT9999
[StatsCoursService] Aucune stats pour: IFT9999
]]></system-out>
  </testcase>
  <testcase name="getStatsForCourse_shouldReturnStats_whenRowExists" classname="com.diro.ift2255.service.StatsCoursServiceTest" time="0.024">
    <system-out><![CDATA[[StatsCoursService] Recherche stats pour: IFT2255
[StatsCoursService] Stats trouvées pour: IFT2255
]]></system-out>
  </testcase>
</testsuite>